<?xml version="1.0" encoding="UTF-8"?>
<!-- Generated by org.testng.reporters.JUnitReportReporter -->
<testsuite hostname="TYC721139" failures="0" tests="7" name="Runner.RunnerIo" time="165.804" errors="0" timestamp="2022-03-30T16:37:45 IST" skipped="0">
  <testcase classname="Runner.RunnerIo" name="runScenario" time="30.096"/>
  <system-out/>
  <testcase classname="Runner.RunnerIo" name="runScenario" time="40.508"/>
  <system-out/>
  <testcase classname="Runner.RunnerIo" name="runScenario" time="9.956"/>
  <system-out/>
  <testcase classname="Runner.RunnerIo" name="runScenario" time="28.798"/>
  <system-out/>
  <testcase classname="Runner.RunnerIo" name="runScenario" time="11.895"/>
  <system-out/>
  <testcase classname="Runner.RunnerIo" name="runScenario" time="36.480"/>
  <system-out/>
  <testcase classname="Runner.RunnerIo" name="runScenario" time="8.071"/>
  <system-out/>
</testsuite> <!-- Runner.RunnerIo -->
