<?xml version="1.0" encoding="UTF-8"?>
<!-- Generated by org.testng.reporters.JUnitReportReporter -->
<testsuite hostname="TYC721139" failures="0" tests="7" name="Runner.RunnerIo" time="183.047" errors="0" timestamp="2022-04-05T12:01:39 IST" skipped="0">
  <testcase classname="Runner.RunnerIo" name="runScenario" time="9.901"/>
  <system-out/>
  <testcase classname="Runner.RunnerIo" name="runScenario" time="32.055"/>
  <system-out/>
  <testcase classname="Runner.RunnerIo" name="runScenario" time="29.453"/>
  <system-out/>
  <testcase classname="Runner.RunnerIo" name="runScenario" time="63.295"/>
  <system-out/>
  <testcase classname="Runner.RunnerIo" name="runScenario" time="8.071"/>
  <system-out/>
  <testcase classname="Runner.RunnerIo" name="runScenario" time="10.620"/>
  <system-out/>
  <testcase classname="Runner.RunnerIo" name="runScenario" time="29.652"/>
  <system-out/>
</testsuite> <!-- Runner.RunnerIo -->
